<?xml version="1.0" encoding="UTF-8"?>
<testng-results skipped="0" failed="0" total="41" passed="41">
  <reporter-output>
  </reporter-output>
  <suite name="Surefire suite" duration-ms="578" started-at="2016-10-20T07:45:12Z" finished-at="2016-10-20T07:45:13Z">
    <groups>
    </groups>
    <test name="Surefire test" duration-ms="578" started-at="2016-10-20T07:45:12Z" finished-at="2016-10-20T07:45:13Z">
      <class name="se.nackademin.examination.examination_jacoco.ConversorTest">
        <test-method status="PASS" signature="testconversor4()[pri:0, instance:testconversor4(se.nackademin.examination.examination_jacoco.ConversorTest)]" name="testconversor4" duration-ms="17" started-at="2016-10-20T09:45:13Z" finished-at="2016-10-20T09:45:13Z">
          <reporter-output>
          </reporter-output>
        </test-method> <!-- testconversor4 -->
        <test-method status="PASS" signature="testConversor()[pri:0, instance:testConversor(se.nackademin.examination.examination_jacoco.ConversorTest)]" name="testConversor" duration-ms="1" started-at="2016-10-20T09:45:13Z" finished-at="2016-10-20T09:45:13Z">
          <reporter-output>
          </reporter-output>
        </test-method> <!-- testConversor -->
        <test-method status="PASS" signature="testConversor2()[pri:0, instance:testConversor2(se.nackademin.examination.examination_jacoco.ConversorTest)]" name="testConversor2" duration-ms="1" started-at="2016-10-20T09:45:13Z" finished-at="2016-10-20T09:45:13Z">
          <reporter-output>
          </reporter-output>
        </test-method> <!-- testConversor2 -->
        <test-method status="PASS" signature="testConversor3()[pri:0, instance:testConversor3(se.nackademin.examination.examination_jacoco.ConversorTest)]" name="testConversor3" duration-ms="1" started-at="2016-10-20T09:45:13Z" finished-at="2016-10-20T09:45:13Z">
          <reporter-output>
          </reporter-output>
        </test-method> <!-- testConversor3 -->
      </class> <!-- se.nackademin.examination.examination_jacoco.ConversorTest -->
      <class name="se.nackademin.examination.examination_jacoco.GameTest">
        <test-method status="PASS" signature="testMethod10()[pri:0, instance:testMethod10(se.nackademin.examination.examination_jacoco.GameTest)]" name="testMethod10" duration-ms="0" started-at="2016-10-20T09:45:13Z" finished-at="2016-10-20T09:45:13Z">
          <reporter-output>
          </reporter-output>
        </test-method> <!-- testMethod10 -->
        <test-method status="PASS" signature="testMethod11()[pri:0, instance:testMethod11(se.nackademin.examination.examination_jacoco.GameTest)]" name="testMethod11" duration-ms="1" started-at="2016-10-20T09:45:13Z" finished-at="2016-10-20T09:45:13Z">
          <reporter-output>
          </reporter-output>
        </test-method> <!-- testMethod11 -->
        <test-method status="PASS" signature="testMethod12()[pri:0, instance:testMethod12(se.nackademin.examination.examination_jacoco.GameTest)]" name="testMethod12" duration-ms="1" started-at="2016-10-20T09:45:13Z" finished-at="2016-10-20T09:45:13Z">
          <reporter-output>
          </reporter-output>
        </test-method> <!-- testMethod12 -->
        <test-method status="PASS" signature="testMethod13()[pri:0, instance:testMethod13(se.nackademin.examination.examination_jacoco.GameTest)]" name="testMethod13" duration-ms="1" started-at="2016-10-20T09:45:13Z" finished-at="2016-10-20T09:45:13Z">
          <reporter-output>
          </reporter-output>
        </test-method> <!-- testMethod13 -->
        <test-method status="PASS" signature="testMethod14()[pri:0, instance:testMethod14(se.nackademin.examination.examination_jacoco.GameTest)]" name="testMethod14" duration-ms="0" started-at="2016-10-20T09:45:13Z" finished-at="2016-10-20T09:45:13Z">
          <reporter-output>
          </reporter-output>
        </test-method> <!-- testMethod14 -->
        <test-method status="PASS" signature="testMethod15()[pri:0, instance:testMethod15(se.nackademin.examination.examination_jacoco.GameTest)]" name="testMethod15" duration-ms="1" started-at="2016-10-20T09:45:13Z" finished-at="2016-10-20T09:45:13Z">
          <reporter-output>
          </reporter-output>
        </test-method> <!-- testMethod15 -->
        <test-method status="PASS" signature="testMethod16()[pri:0, instance:testMethod16(se.nackademin.examination.examination_jacoco.GameTest)]" name="testMethod16" duration-ms="3" started-at="2016-10-20T09:45:13Z" finished-at="2016-10-20T09:45:13Z">
          <reporter-output>
          </reporter-output>
        </test-method> <!-- testMethod16 -->
        <test-method status="PASS" signature="testMethod17()[pri:0, instance:testMethod17(se.nackademin.examination.examination_jacoco.GameTest)]" name="testMethod17" duration-ms="1" started-at="2016-10-20T09:45:13Z" finished-at="2016-10-20T09:45:13Z">
          <reporter-output>
          </reporter-output>
        </test-method> <!-- testMethod17 -->
        <test-method status="PASS" signature="testMethod18()[pri:0, instance:testMethod18(se.nackademin.examination.examination_jacoco.GameTest)]" name="testMethod18" duration-ms="1" started-at="2016-10-20T09:45:13Z" finished-at="2016-10-20T09:45:13Z">
          <reporter-output>
          </reporter-output>
        </test-method> <!-- testMethod18 -->
        <test-method status="PASS" signature="testMethod19()[pri:0, instance:testMethod19(se.nackademin.examination.examination_jacoco.GameTest)]" name="testMethod19" duration-ms="1" started-at="2016-10-20T09:45:13Z" finished-at="2016-10-20T09:45:13Z">
          <reporter-output>
          </reporter-output>
        </test-method> <!-- testMethod19 -->
        <test-method status="PASS" signature="testMethod20()[pri:0, instance:testMethod20(se.nackademin.examination.examination_jacoco.GameTest)]" name="testMethod20" duration-ms="2" started-at="2016-10-20T09:45:13Z" finished-at="2016-10-20T09:45:13Z">
          <reporter-output>
          </reporter-output>
        </test-method> <!-- testMethod20 -->
        <test-method status="PASS" signature="testMethod21()[pri:0, instance:testMethod21(se.nackademin.examination.examination_jacoco.GameTest)]" name="testMethod21" duration-ms="1" started-at="2016-10-20T09:45:13Z" finished-at="2016-10-20T09:45:13Z">
          <reporter-output>
          </reporter-output>
        </test-method> <!-- testMethod21 -->
        <test-method status="PASS" signature="testMethod22()[pri:0, instance:testMethod22(se.nackademin.examination.examination_jacoco.GameTest)]" name="testMethod22" duration-ms="7" started-at="2016-10-20T09:45:13Z" finished-at="2016-10-20T09:45:13Z">
          <reporter-output>
          </reporter-output>
        </test-method> <!-- testMethod22 -->
        <test-method status="PASS" signature="testMethod23()[pri:0, instance:testMethod23(se.nackademin.examination.examination_jacoco.GameTest)]" name="testMethod23" duration-ms="2" started-at="2016-10-20T09:45:13Z" finished-at="2016-10-20T09:45:13Z">
          <reporter-output>
          </reporter-output>
        </test-method> <!-- testMethod23 -->
        <test-method status="PASS" signature="testMethod24()[pri:0, instance:testMethod24(se.nackademin.examination.examination_jacoco.GameTest)]" name="testMethod24" duration-ms="5" started-at="2016-10-20T09:45:13Z" finished-at="2016-10-20T09:45:13Z">
          <reporter-output>
          </reporter-output>
        </test-method> <!-- testMethod24 -->
        <test-method status="PASS" signature="testMethod1()[pri:0, instance:testMethod1(se.nackademin.examination.examination_jacoco.GameTest)]" name="testMethod1" duration-ms="1" started-at="2016-10-20T09:45:13Z" finished-at="2016-10-20T09:45:13Z">
          <reporter-output>
          </reporter-output>
        </test-method> <!-- testMethod1 -->
        <test-method status="PASS" signature="testMethod2()[pri:0, instance:testMethod2(se.nackademin.examination.examination_jacoco.GameTest)]" name="testMethod2" duration-ms="1" started-at="2016-10-20T09:45:13Z" finished-at="2016-10-20T09:45:13Z">
          <reporter-output>
          </reporter-output>
        </test-method> <!-- testMethod2 -->
        <test-method status="PASS" signature="testMethod3()[pri:0, instance:testMethod3(se.nackademin.examination.examination_jacoco.GameTest)]" name="testMethod3" duration-ms="1" started-at="2016-10-20T09:45:13Z" finished-at="2016-10-20T09:45:13Z">
          <reporter-output>
          </reporter-output>
        </test-method> <!-- testMethod3 -->
        <test-method status="PASS" signature="testMethod4()[pri:0, instance:testMethod4(se.nackademin.examination.examination_jacoco.GameTest)]" name="testMethod4" duration-ms="0" started-at="2016-10-20T09:45:13Z" finished-at="2016-10-20T09:45:13Z">
          <reporter-output>
          </reporter-output>
        </test-method> <!-- testMethod4 -->
        <test-method status="PASS" signature="testMethod5()[pri:0, instance:testMethod5(se.nackademin.examination.examination_jacoco.GameTest)]" name="testMethod5" duration-ms="1" started-at="2016-10-20T09:45:13Z" finished-at="2016-10-20T09:45:13Z">
          <reporter-output>
          </reporter-output>
        </test-method> <!-- testMethod5 -->
        <test-method status="PASS" signature="testMethod6()[pri:0, instance:testMethod6(se.nackademin.examination.examination_jacoco.GameTest)]" name="testMethod6" duration-ms="0" started-at="2016-10-20T09:45:13Z" finished-at="2016-10-20T09:45:13Z">
          <reporter-output>
          </reporter-output>
        </test-method> <!-- testMethod6 -->
        <test-method status="PASS" signature="testMethod7()[pri:0, instance:testMethod7(se.nackademin.examination.examination_jacoco.GameTest)]" name="testMethod7" duration-ms="2" started-at="2016-10-20T09:45:13Z" finished-at="2016-10-20T09:45:13Z">
          <reporter-output>
          </reporter-output>
        </test-method> <!-- testMethod7 -->
        <test-method status="PASS" signature="testMethod8()[pri:0, instance:testMethod8(se.nackademin.examination.examination_jacoco.GameTest)]" name="testMethod8" duration-ms="1" started-at="2016-10-20T09:45:13Z" finished-at="2016-10-20T09:45:13Z">
          <reporter-output>
          </reporter-output>
        </test-method> <!-- testMethod8 -->
        <test-method status="PASS" signature="testMethod9()[pri:0, instance:testMethod9(se.nackademin.examination.examination_jacoco.GameTest)]" name="testMethod9" duration-ms="0" started-at="2016-10-20T09:45:13Z" finished-at="2016-10-20T09:45:13Z">
          <reporter-output>
          </reporter-output>
        </test-method> <!-- testMethod9 -->
      </class> <!-- se.nackademin.examination.examination_jacoco.GameTest -->
      <class name="se.nackademin.examination.examination_jacoco.ResultsFromInputsTest">
        <test-method status="PASS" signature="testAgeGettersAndSettersMethods2()[pri:0, instance:testAgeGettersAndSettersMethods2(se.nackademin.examination.examination_jacoco.ResultsFromInputsTest)]" name="testAgeGettersAndSettersMethods2" duration-ms="0" started-at="2016-10-20T09:45:13Z" finished-at="2016-10-20T09:45:13Z">
          <reporter-output>
          </reporter-output>
        </test-method> <!-- testAgeGettersAndSettersMethods2 -->
        <test-method status="PASS" signature="testAgeGettersAndSettersMethods3()[pri:0, instance:testAgeGettersAndSettersMethods3(se.nackademin.examination.examination_jacoco.ResultsFromInputsTest)]" name="testAgeGettersAndSettersMethods3" duration-ms="1" started-at="2016-10-20T09:45:13Z" finished-at="2016-10-20T09:45:13Z">
          <reporter-output>
          </reporter-output>
        </test-method> <!-- testAgeGettersAndSettersMethods3 -->
        <test-method status="PASS" signature="testAgeGettersAndSettersMethods4()[pri:0, instance:testAgeGettersAndSettersMethods4(se.nackademin.examination.examination_jacoco.ResultsFromInputsTest)]" name="testAgeGettersAndSettersMethods4" duration-ms="1" started-at="2016-10-20T09:45:13Z" finished-at="2016-10-20T09:45:13Z">
          <reporter-output>
          </reporter-output>
        </test-method> <!-- testAgeGettersAndSettersMethods4 -->
        <test-method status="PASS" signature="testAgeGettersAndSettersMethods()[pri:0, instance:testAgeGettersAndSettersMethods(se.nackademin.examination.examination_jacoco.ResultsFromInputsTest)]" name="testAgeGettersAndSettersMethods" duration-ms="6" started-at="2016-10-20T09:45:13Z" finished-at="2016-10-20T09:45:13Z">
          <reporter-output>
          </reporter-output>
        </test-method> <!-- testAgeGettersAndSettersMethods -->
      </class> <!-- se.nackademin.examination.examination_jacoco.ResultsFromInputsTest -->
      <class name="se.nackademin.examination.examination_jacoco.DataAnalysisTest">
        <test-method status="PASS" signature="test1()[pri:0, instance:test1(se.nackademin.examination.examination_jacoco.DataAnalysisTest)]" name="test1" duration-ms="12" started-at="2016-10-20T09:45:13Z" finished-at="2016-10-20T09:45:13Z">
          <reporter-output>
          </reporter-output>
        </test-method> <!-- test1 -->
        <test-method status="PASS" signature="test2()[pri:0, instance:test2(se.nackademin.examination.examination_jacoco.DataAnalysisTest)]" name="test2" duration-ms="1" started-at="2016-10-20T09:45:13Z" finished-at="2016-10-20T09:45:13Z">
          <reporter-output>
          </reporter-output>
        </test-method> <!-- test2 -->
        <test-method status="PASS" signature="test3()[pri:0, instance:test3(se.nackademin.examination.examination_jacoco.DataAnalysisTest)]" name="test3" duration-ms="1" started-at="2016-10-20T09:45:13Z" finished-at="2016-10-20T09:45:13Z">
          <reporter-output>
          </reporter-output>
        </test-method> <!-- test3 -->
        <test-method status="PASS" signature="test4()[pri:0, instance:test4(se.nackademin.examination.examination_jacoco.DataAnalysisTest)]" name="test4" duration-ms="1" started-at="2016-10-20T09:45:13Z" finished-at="2016-10-20T09:45:13Z">
          <reporter-output>
          </reporter-output>
        </test-method> <!-- test4 -->
        <test-method status="PASS" signature="test5()[pri:0, instance:test5(se.nackademin.examination.examination_jacoco.DataAnalysisTest)]" name="test5" duration-ms="1" started-at="2016-10-20T09:45:13Z" finished-at="2016-10-20T09:45:13Z">
          <reporter-output>
          </reporter-output>
        </test-method> <!-- test5 -->
        <test-method status="PASS" signature="test6()[pri:0, instance:test6(se.nackademin.examination.examination_jacoco.DataAnalysisTest)]" name="test6" duration-ms="2" started-at="2016-10-20T09:45:13Z" finished-at="2016-10-20T09:45:13Z">
          <reporter-output>
          </reporter-output>
        </test-method> <!-- test6 -->
        <test-method status="PASS" signature="test7()[pri:0, instance:test7(se.nackademin.examination.examination_jacoco.DataAnalysisTest)]" name="test7" duration-ms="1" started-at="2016-10-20T09:45:13Z" finished-at="2016-10-20T09:45:13Z">
          <reporter-output>
          </reporter-output>
        </test-method> <!-- test7 -->
        <test-method status="PASS" signature="test8()[pri:0, instance:test8(se.nackademin.examination.examination_jacoco.DataAnalysisTest)]" name="test8" duration-ms="3" started-at="2016-10-20T09:45:13Z" finished-at="2016-10-20T09:45:13Z">
          <reporter-output>
          </reporter-output>
        </test-method> <!-- test8 -->
      </class> <!-- se.nackademin.examination.examination_jacoco.DataAnalysisTest -->
      <class name="se.nackademin.examination.examination_jacoco.MainTest">
        <test-method status="PASS" signature="testMainMethod()[pri:0, instance:testMainMethod(se.nackademin.examination.examination_jacoco.MainTest)]" name="testMainMethod" duration-ms="3" started-at="2016-10-20T09:45:13Z" finished-at="2016-10-20T09:45:13Z">
          <reporter-output>
          </reporter-output>
        </test-method> <!-- testMainMethod -->
      </class> <!-- se.nackademin.examination.examination_jacoco.MainTest -->
    </test> <!-- Surefire test -->
  </suite> <!-- Surefire suite -->
</testng-results>
